[2026-05-16 21:19:30] INFO: Test Suite Execution Started
[2026-05-16 21:19:31] INFO: Navigating to application
[2026-05-16 21:19:39] INFO: Application launched successfully
[2026-05-16 21:19:55] INFO: Product Page Verification Completed
[2026-05-16 21:20:09] INFO: Product Details Page Verification Completed
[2026-05-16 21:20:13] INFO: Cart Page Verification Completed
[2026-05-16 21:20:20] INFO: Checkout Page Verification Completed
[2026-05-16 21:20:32] ERROR: Test Failed: ecommerse flow
[2026-05-16 21:20:32] INFO: Confirm Order Page Verification Completed
[2026-05-16 21:20:32] INFO: Test execution completed
[2026-05-16 21:20:38] INFO: Test Suite Execution completed
[2026-05-16 22:13:08] INFO: Test Suite Execution Started
[2026-05-16 22:13:08] INFO: Navigating to application
[2026-05-16 22:13:13] INFO: Application launched successfully
[2026-05-16 22:13:21] ERROR: Test Failed: ecommerse flow
[2026-05-16 22:13:21] INFO: Test Suite Execution completed
[2026-05-16 22:16:41] INFO: Test Suite Execution Started
[2026-05-16 22:16:42] INFO: Navigating to application
[2026-05-16 22:16:47] INFO: Application launched successfully
[2026-05-16 22:16:58] INFO: Product Page Verification Completed
[2026-05-16 22:17:03] INFO: Product Details Page Verification Completed
[2026-05-16 22:17:06] INFO: Cart Page Verification Completed
[2026-05-16 22:17:09] INFO: Checkout Page Verification Completed
[2026-05-16 22:17:12] INFO: Confirm Order Page Verification Completed
[2026-05-16 22:17:14] INFO: Order Success Message Verified
[2026-05-16 22:17:14] INFO: Test execution completed
[2026-05-16 22:17:15] INFO: Test Suite Execution completed
